<?xml version="1.0" encoding="UTF-8"?>
<testng-results skipped="0" failed="0" total="1" passed="1">
  <reporter-output>
  </reporter-output>
  <suite name="Suite" duration-ms="5041" started-at="2020-01-11T00:58:36Z" finished-at="2020-01-11T00:58:41Z">
    <groups>
    </groups>
    <test name="Test" duration-ms="5041" started-at="2020-01-11T00:58:36Z" finished-at="2020-01-11T00:58:41Z">
      <class name="com.testing2020.seleniumtestng.my2020Test">
        <test-method status="PASS" signature="Login_SFDC_02()[pri:0, instance:com.testing2020.seleniumtestng.my2020Test@13a57a3b]" name="Login_SFDC_02" duration-ms="5015" started-at="2020-01-10T16:58:36Z" finished-at="2020-01-10T16:58:41Z">
          <reporter-output>
          </reporter-output>
        </test-method> <!-- Login_SFDC_02 -->
      </class> <!-- com.testing2020.seleniumtestng.my2020Test -->
    </test> <!-- Test -->
  </suite> <!-- Suite -->
</testng-results>
